2023-03-10 22:09:29,143 [background-preinit] INFO  [org.hibernate.validator.internal.util.Version] Version.java:21 - HV000001: Hibernate Validator 8.0.0.Final
2023-03-10 22:09:29,231 [main] INFO  [com.ix.auth.AuthApplication] StartupInfoLogger.java:51 - Starting AuthApplication using Java 17.0.2 with PID 16944 (E:\JAVA\my_projects\IX_Cloud\ix-auth\target\classes started by 1617595881@qq.com in E:\JAVA\my_projects\IX_Cloud)
2023-03-10 22:09:29,232 [main] INFO  [com.ix.auth.AuthApplication] SpringApplication.java:638 - The following 1 profile is active: "dev"
2023-03-10 22:09:29,288 [main] WARN  [o.s.core.annotation.AnnotationTypeMapping] AnnotationTypeMapping.java:320 - Support for convention-based annotation attribute overrides is deprecated and will be removed in Spring Framework 6.1. Please annotate the following attributes in @com.ix.framework.core.annotation.EnableIXFeignClients with appropriate @AliasFor declarations: [clients, basePackageClasses, basePackages, defaultConfiguration]
2023-03-10 22:09:29,326 [main] INFO  [c.a.cloud.nacos.configdata.NacosConfigDataLoader] DeferredLog.java:250 - [Nacos Config] Load config[dataId=ix-auth-dev.yml, group=DEFAULT_GROUP] success
2023-03-10 22:09:29,327 [main] INFO  [c.a.cloud.nacos.configdata.NacosConfigDataLoader] DeferredLog.java:250 - [Nacos Config] Load config[dataId=ix-app-dev.yml, group=DEFAULT_GROUP] success
2023-03-10 22:09:33,740 [main] INFO  [o.s.d.r.config.RepositoryConfigurationDelegate] RepositoryConfigurationDelegate.java:291 - Multiple Spring Data modules found, entering strict repository configuration mode
2023-03-10 22:09:33,744 [main] INFO  [o.s.d.r.config.RepositoryConfigurationDelegate] RepositoryConfigurationDelegate.java:138 - Bootstrapping Spring Data Redis repositories in DEFAULT mode.
2023-03-10 22:09:33,816 [main] INFO  [o.s.d.r.config.RepositoryConfigurationDelegate] RepositoryConfigurationDelegate.java:208 - Finished Spring Data repository scanning in 38 ms. Found 0 Redis repository interfaces.
2023-03-10 22:09:34,233 [main] INFO  [o.springframework.cloud.context.scope.GenericScope] GenericScope.java:282 - BeanFactory id=1e9c92ec-e099-37cd-bd54-1b5a84bf8bbe
2023-03-10 22:09:34,394 [main] WARN  [o.s.core.LocalVariableTableParameterNameDiscoverer] LocalVariableTableParameterNameDiscoverer.java:123 - Using deprecated '-debug' fallback for parameter name resolution. Compile the affected code with '-parameters' instead or avoid its introspection: com.ix.framework.log.aspect.SysLogAspect
2023-03-10 22:09:34,395 [main] WARN  [o.s.core.LocalVariableTableParameterNameDiscoverer] LocalVariableTableParameterNameDiscoverer.java:123 - Using deprecated '-debug' fallback for parameter name resolution. Compile the affected code with '-parameters' instead or avoid its introspection: com.ix.framework.log.aspect.SysLogAspect
2023-03-10 22:09:34,399 [main] WARN  [o.s.core.LocalVariableTableParameterNameDiscoverer] LocalVariableTableParameterNameDiscoverer.java:123 - Using deprecated '-debug' fallback for parameter name resolution. Compile the affected code with '-parameters' instead or avoid its introspection: com.ix.framework.security.aspect.IXSecurityInnerAspect
2023-03-10 22:09:35,079 [main] WARN  [io.undertow.websockets.jsr] Bootstrap.java:68 - UT026010: Buffer pool was not set on WebSocketDeploymentInfo, the default pool will be used
2023-03-10 22:09:35,113 [main] INFO  [io.undertow.servlet] ServletContextImpl.java:372 - Initializing Spring embedded WebApplicationContext
2023-03-10 22:09:35,113 [main] INFO  [o.s.b.w.s.c.ServletWebServerApplicationContext] ServletWebServerApplicationContext.java:291 - Root WebApplicationContext: initialization completed in 5783 ms
2023-03-10 22:09:35,656 [main] INFO  [org.redisson.Version] Version.java:41 - Redisson 3.18.1
2023-03-10 22:09:36,020 [redisson-netty-2-8] INFO  [o.r.connection.pool.MasterPubSubConnectionPool] ConnectionPool.java:162 - 1 connections initialized for localhost/127.0.0.1:6379
2023-03-10 22:09:36,074 [redisson-netty-2-20] INFO  [org.redisson.connection.pool.MasterConnectionPool] ConnectionPool.java:162 - 24 connections initialized for localhost/127.0.0.1:6379
2023-03-10 22:09:36,724 [main] INFO  [o.s.cloud.openfeign.FeignClientFactoryBean] FeignClientFactoryBean.java:437 - For 'ix-server-system' URL not provided. Will try picking an instance via load-balancing.
2023-03-10 22:09:37,023 [main] INFO  [c.alibaba.cloud.sentinel.SentinelWebMvcConfigurer] SentinelWebMvcConfigurer.java:52 - [Sentinel Starter] register SentinelWebInterceptor with urlPatterns: [/**].
2023-03-10 22:09:37,494 [main] INFO  [org.quartz.impl.StdSchedulerFactory] StdSchedulerFactory.java:1220 - Using default implementation for ThreadExecutor
2023-03-10 22:09:37,516 [main] INFO  [org.quartz.core.SchedulerSignalerImpl] SchedulerSignalerImpl.java:61 - Initialized Scheduler Signaller of type: class org.quartz.core.SchedulerSignalerImpl
2023-03-10 22:09:37,517 [main] INFO  [org.quartz.core.QuartzScheduler] QuartzScheduler.java:229 - Quartz Scheduler v.2.3.2 created.
2023-03-10 22:09:37,518 [main] INFO  [org.quartz.simpl.RAMJobStore] RAMJobStore.java:155 - RAMJobStore initialized.
2023-03-10 22:09:37,519 [main] INFO  [org.quartz.core.QuartzScheduler] QuartzScheduler.java:294 - Scheduler meta-data: Quartz Scheduler (v2.3.2) 'quartzScheduler' with instanceId 'NON_CLUSTERED'
  Scheduler class: 'org.quartz.core.QuartzScheduler' - running locally.
  NOT STARTED.
  Currently in standby mode.
  Number of jobs executed: 0
  Using thread pool 'org.quartz.simpl.SimpleThreadPool' - with 10 threads.
  Using job-store 'org.quartz.simpl.RAMJobStore' - which does not support persistence. and is not clustered.

2023-03-10 22:09:37,520 [main] INFO  [org.quartz.impl.StdSchedulerFactory] StdSchedulerFactory.java:1374 - Quartz scheduler 'quartzScheduler' initialized from an externally provided properties instance.
2023-03-10 22:09:37,520 [main] INFO  [org.quartz.impl.StdSchedulerFactory] StdSchedulerFactory.java:1378 - Quartz scheduler version: 2.3.2
2023-03-10 22:09:37,520 [main] INFO  [org.quartz.core.QuartzScheduler] QuartzScheduler.java:2293 - JobFactory set to: org.springframework.scheduling.quartz.SpringBeanJobFactory@139da216
2023-03-10 22:09:38,743 [main] INFO  [org.springframework.cloud.commons.util.InetUtils] InetUtils.java:170 - Cannot determine local hostname
2023-03-10 22:09:38,893 [main] INFO  [o.s.b.actuate.endpoint.web.EndpointLinksResolver] EndpointLinksResolver.java:58 - Exposing 20 endpoint(s) beneath base path '/actuator'
2023-03-10 22:09:39,113 [main] INFO  [o.s.security.web.DefaultSecurityFilterChain] DefaultSecurityFilterChain.java:54 - Will secure any request with [org.springframework.security.web.session.DisableEncodeUrlFilter@5ca896af, org.springframework.security.web.context.request.async.WebAsyncManagerIntegrationFilter@7e474bd, org.springframework.security.web.context.SecurityContextHolderFilter@7d583602, org.springframework.security.oauth2.server.authorization.config.annotation.web.configurers.AuthorizationServerContextFilter@54151d07, org.springframework.security.web.header.HeaderWriterFilter@32a541a8, org.springframework.security.web.authentication.logout.LogoutFilter@4353230, org.springframework.security.oauth2.server.authorization.web.OAuth2AuthorizationServerMetadataEndpointFilter@31773d5b, org.springframework.security.oauth2.server.authorization.web.OAuth2AuthorizationEndpointFilter@73ac7716, org.springframework.security.oauth2.server.authorization.web.OAuth2ClientAuthenticationFilter@1926806c, org.springframework.security.web.authentication.UsernamePasswordAuthenticationFilter@42365c82, org.springframework.security.web.savedrequest.RequestCacheAwareFilter@441d3ddf, org.springframework.security.web.servletapi.SecurityContextHolderAwareRequestFilter@72cf159f, org.springframework.security.web.authentication.AnonymousAuthenticationFilter@324ee3ca, org.springframework.security.web.access.ExceptionTranslationFilter@383d2e2d, org.springframework.security.web.access.intercept.AuthorizationFilter@1c61f9bf, org.springframework.security.oauth2.server.authorization.web.OAuth2TokenEndpointFilter@6527aa0, org.springframework.security.oauth2.server.authorization.web.OAuth2TokenIntrospectionEndpointFilter@3ce4b0a8, org.springframework.security.oauth2.server.authorization.web.OAuth2TokenRevocationEndpointFilter@1018552d]
2023-03-10 22:09:40,027 [main] INFO  [o.s.cloud.openfeign.FeignClientFactoryBean] FeignClientFactoryBean.java:437 - For 'ix-server-system' URL not provided. Will try picking an instance via load-balancing.
2023-03-10 22:09:40,131 [main] INFO  [o.s.cloud.openfeign.FeignClientFactoryBean] FeignClientFactoryBean.java:437 - For 'ix-server-system' URL not provided. Will try picking an instance via load-balancing.
2023-03-10 22:09:41,927 [main] INFO  [org.springframework.cloud.commons.util.InetUtils] InetUtils.java:170 - Cannot determine local hostname
2023-03-10 22:09:42,119 [main] INFO  [io.undertow] Undertow.java:120 - starting server: Undertow - 2.3.4.Final
2023-03-10 22:09:42,137 [main] INFO  [org.xnio] Xnio.java:95 - XNIO version 3.8.8.Final
2023-03-10 22:09:42,153 [main] INFO  [org.xnio.nio] NioXnio.java:58 - XNIO NIO Implementation Version 3.8.8.Final
2023-03-10 22:09:42,190 [main] INFO  [org.jboss.threads] Version.java:55 - JBoss Threads version 3.5.0.Final
2023-03-10 22:09:42,258 [main] INFO  [o.s.boot.web.embedded.undertow.UndertowWebServer] UndertowWebServer.java:121 - Undertow started on port(s) 8888 (http)
2023-03-10 22:09:42,535 [main] INFO  [c.a.cloud.nacos.registry.NacosServiceRegistry] NacosServiceRegistry.java:76 - nacos registry, DEFAULT_GROUP ix-auth 169.254.250.17:8888 register finished
2023-03-10 22:09:43,748 [main] INFO  [org.springframework.cloud.commons.util.InetUtils] InetUtils.java:170 - Cannot determine local hostname
2023-03-10 22:09:43,749 [main] INFO  [o.s.scheduling.quartz.SchedulerFactoryBean] SchedulerFactoryBean.java:729 - Starting Quartz Scheduler now
2023-03-10 22:09:43,749 [main] INFO  [org.quartz.core.QuartzScheduler] QuartzScheduler.java:547 - Scheduler quartzScheduler_$_NON_CLUSTERED started.
2023-03-10 22:09:43,775 [main] INFO  [com.ix.auth.AuthApplication] StartupInfoLogger.java:57 - Started AuthApplication in 19.16 seconds (process running for 20.345)
2023-03-10 22:09:43,798 [main] INFO  [c.a.cloud.nacos.refresh.NacosContextRefresher] NacosContextRefresher.java:129 - [Nacos Config] Listening config: dataId=ix-auth-dev.yml, group=DEFAULT_GROUP
2023-03-10 22:09:43,805 [main] INFO  [c.a.cloud.nacos.refresh.NacosContextRefresher] NacosContextRefresher.java:129 - [Nacos Config] Listening config: dataId=ix-app-dev.yml, group=DEFAULT_GROUP
2023-03-10 22:17:46,500 [SpringApplicationShutdownHook] INFO  [org.quartz.core.QuartzScheduler] QuartzScheduler.java:585 - Scheduler quartzScheduler_$_NON_CLUSTERED paused.
2023-03-10 22:17:46,501 [SpringApplicationShutdownHook] INFO  [io.undertow] Undertow.java:259 - stopping server: Undertow - 2.3.4.Final
2023-03-10 22:17:46,517 [SpringApplicationShutdownHook] INFO  [c.a.cloud.nacos.registry.NacosServiceRegistry] NacosServiceRegistry.java:95 - De-registering from Nacos Server now...
2023-03-10 22:17:46,547 [SpringApplicationShutdownHook] INFO  [c.a.cloud.nacos.registry.NacosServiceRegistry] NacosServiceRegistry.java:115 - De-registration finished.
