2023-03-11 17:33:02,868 [background-preinit] INFO  [org.hibernate.validator.internal.util.Version] Version.java:21 - HV000001: Hibernate Validator 8.0.0.Final
2023-03-11 17:33:02,926 [main] INFO  [com.ix.gateway.GatewayApplication] StartupInfoLogger.java:51 - Starting GatewayApplication using Java 17.0.2 with PID 17068 (E:\JAVA\my_projects\IX_Cloud\ix-gateway\target\classes started by 1617595881@qq.com in E:\JAVA\my_projects\IX_Cloud)
2023-03-11 17:33:02,929 [main] INFO  [com.ix.gateway.GatewayApplication] SpringApplication.java:638 - The following 1 profile is active: "dev"
2023-03-11 17:33:02,974 [main] INFO  [c.a.cloud.nacos.configdata.NacosConfigDataLoader] DeferredLog.java:250 - [Nacos Config] Load config[dataId=ix-gateway-dev.yml, group=DEFAULT_GROUP] success
2023-03-11 17:33:02,975 [main] INFO  [c.a.cloud.nacos.configdata.NacosConfigDataLoader] DeferredLog.java:250 - [Nacos Config] Load config[dataId=ix-app-dev.yml, group=DEFAULT_GROUP] success
2023-03-11 17:33:04,170 [main] INFO  [o.springframework.cloud.context.scope.GenericScope] GenericScope.java:282 - BeanFactory id=31ac4d16-8f76-3c9e-b7be-18fdfc921734
2023-03-11 17:33:04,418 [main] INFO  [o.s.c.s.PostProcessorRegistrationDelegate$BeanPostProcessorChecker] PostProcessorRegistrationDelegate.java:409 - Bean 'org.springframework.cloud.client.loadbalancer.reactive.LoadBalancerBeanPostProcessorAutoConfiguration' of type [org.springframework.cloud.client.loadbalancer.reactive.LoadBalancerBeanPostProcessorAutoConfiguration] is not eligible for getting processed by all BeanPostProcessors (for example: not eligible for auto-proxying)
2023-03-11 17:33:04,419 [main] INFO  [o.s.c.s.PostProcessorRegistrationDelegate$BeanPostProcessorChecker] PostProcessorRegistrationDelegate.java:409 - Bean 'org.springframework.cloud.client.loadbalancer.reactive.LoadBalancerBeanPostProcessorAutoConfiguration$ReactorDeferringLoadBalancerFilterConfig' of type [org.springframework.cloud.client.loadbalancer.reactive.LoadBalancerBeanPostProcessorAutoConfiguration$ReactorDeferringLoadBalancerFilterConfig] is not eligible for getting processed by all BeanPostProcessors (for example: not eligible for auto-proxying)
2023-03-11 17:33:04,421 [main] INFO  [o.s.c.s.PostProcessorRegistrationDelegate$BeanPostProcessorChecker] PostProcessorRegistrationDelegate.java:409 - Bean 'reactorDeferringLoadBalancerExchangeFilterFunction' of type [org.springframework.cloud.client.loadbalancer.reactive.DeferringLoadBalancerExchangeFilterFunction] is not eligible for getting processed by all BeanPostProcessors (for example: not eligible for auto-proxying)
2023-03-11 17:33:05,016 [main] INFO  [o.s.c.g.config.LocalResponseCacheAutoConfiguration] LocalResponseCacheAutoConfiguration.java:86 - Initializing Caffeine
2023-03-11 17:33:06,246 [main] INFO  [org.springframework.cloud.commons.util.InetUtils] InetUtils.java:170 - Cannot determine local hostname
2023-03-11 17:33:07,455 [main] INFO  [org.springframework.cloud.commons.util.InetUtils] InetUtils.java:170 - Cannot determine local hostname
2023-03-11 17:33:07,611 [main] INFO  [o.s.c.gateway.route.RouteDefinitionRouteLocator] RouteDefinitionRouteLocator.java:89 - Loaded RoutePredicateFactory [After]
2023-03-11 17:33:07,612 [main] INFO  [o.s.c.gateway.route.RouteDefinitionRouteLocator] RouteDefinitionRouteLocator.java:89 - Loaded RoutePredicateFactory [Before]
2023-03-11 17:33:07,612 [main] INFO  [o.s.c.gateway.route.RouteDefinitionRouteLocator] RouteDefinitionRouteLocator.java:89 - Loaded RoutePredicateFactory [Between]
2023-03-11 17:33:07,612 [main] INFO  [o.s.c.gateway.route.RouteDefinitionRouteLocator] RouteDefinitionRouteLocator.java:89 - Loaded RoutePredicateFactory [Cookie]
2023-03-11 17:33:07,613 [main] INFO  [o.s.c.gateway.route.RouteDefinitionRouteLocator] RouteDefinitionRouteLocator.java:89 - Loaded RoutePredicateFactory [Header]
2023-03-11 17:33:07,613 [main] INFO  [o.s.c.gateway.route.RouteDefinitionRouteLocator] RouteDefinitionRouteLocator.java:89 - Loaded RoutePredicateFactory [Host]
2023-03-11 17:33:07,613 [main] INFO  [o.s.c.gateway.route.RouteDefinitionRouteLocator] RouteDefinitionRouteLocator.java:89 - Loaded RoutePredicateFactory [Method]
2023-03-11 17:33:07,624 [main] INFO  [o.s.c.gateway.route.RouteDefinitionRouteLocator] RouteDefinitionRouteLocator.java:89 - Loaded RoutePredicateFactory [Path]
2023-03-11 17:33:07,625 [main] INFO  [o.s.c.gateway.route.RouteDefinitionRouteLocator] RouteDefinitionRouteLocator.java:89 - Loaded RoutePredicateFactory [Query]
2023-03-11 17:33:07,625 [main] INFO  [o.s.c.gateway.route.RouteDefinitionRouteLocator] RouteDefinitionRouteLocator.java:89 - Loaded RoutePredicateFactory [ReadBody]
2023-03-11 17:33:07,626 [main] INFO  [o.s.c.gateway.route.RouteDefinitionRouteLocator] RouteDefinitionRouteLocator.java:89 - Loaded RoutePredicateFactory [RemoteAddr]
2023-03-11 17:33:07,626 [main] INFO  [o.s.c.gateway.route.RouteDefinitionRouteLocator] RouteDefinitionRouteLocator.java:89 - Loaded RoutePredicateFactory [XForwardedRemoteAddr]
2023-03-11 17:33:07,627 [main] INFO  [o.s.c.gateway.route.RouteDefinitionRouteLocator] RouteDefinitionRouteLocator.java:89 - Loaded RoutePredicateFactory [Weight]
2023-03-11 17:33:07,627 [main] INFO  [o.s.c.gateway.route.RouteDefinitionRouteLocator] RouteDefinitionRouteLocator.java:89 - Loaded RoutePredicateFactory [CloudFoundryRouteService]
2023-03-11 17:33:08,838 [main] INFO  [org.springframework.cloud.commons.util.InetUtils] InetUtils.java:170 - Cannot determine local hostname
2023-03-11 17:33:09,027 [main] INFO  [c.a.c.s.gateway.scg.SentinelSCGAutoConfiguration] SentinelSCGAutoConfiguration.java:143 - [Sentinel SpringCloudGateway] register SentinelGatewayFilter with order: -2147483648
2023-03-11 17:33:09,336 [main] INFO  [o.s.b.actuate.endpoint.web.EndpointLinksResolver] EndpointLinksResolver.java:58 - Exposing 19 endpoint(s) beneath base path '/actuator'
2023-03-11 17:33:09,467 [main] INFO  [c.a.c.s.gateway.scg.SentinelSCGAutoConfiguration] SentinelSCGAutoConfiguration.java:133 - [Sentinel SpringCloudGateway] register SentinelGatewayBlockExceptionHandler
2023-03-11 17:33:10,285 [main] INFO  [o.s.boot.web.embedded.netty.NettyWebServer] NettyWebServer.java:111 - Netty started on port 8080
2023-03-11 17:33:11,439 [main] INFO  [org.springframework.cloud.commons.util.InetUtils] InetUtils.java:170 - Cannot determine local hostname
2023-03-11 17:33:12,636 [main] INFO  [org.springframework.cloud.commons.util.InetUtils] InetUtils.java:170 - Cannot determine local hostname
2023-03-11 17:33:12,924 [main] INFO  [c.a.cloud.nacos.registry.NacosServiceRegistry] NacosServiceRegistry.java:76 - nacos registry, DEFAULT_GROUP ix-gateway 169.254.250.17:8080 register finished
2023-03-11 17:33:13,129 [main] INFO  [c.a.c.n.discovery.GatewayLocatorHeartBeatPublisher] GatewayLocatorHeartBeatPublisher.java:64 - Start nacos gateway locator heartBeat task scheduler.
2023-03-11 17:33:13,158 [main] INFO  [com.ix.gateway.GatewayApplication] StartupInfoLogger.java:57 - Started GatewayApplication in 13.841 seconds (process running for 15.194)
2023-03-11 17:33:13,174 [main] INFO  [c.a.cloud.nacos.refresh.NacosContextRefresher] NacosContextRefresher.java:129 - [Nacos Config] Listening config: dataId=ix-gateway-dev.yml, group=DEFAULT_GROUP
2023-03-11 17:33:13,180 [main] INFO  [c.a.cloud.nacos.refresh.NacosContextRefresher] NacosContextRefresher.java:129 - [Nacos Config] Listening config: dataId=ix-app-dev.yml, group=DEFAULT_GROUP
2023-03-11 17:55:45,036 [SpringApplicationShutdownHook] INFO  [c.a.cloud.nacos.registry.NacosServiceRegistry] NacosServiceRegistry.java:95 - De-registering from Nacos Server now...
2023-03-11 17:55:45,062 [SpringApplicationShutdownHook] INFO  [c.a.cloud.nacos.registry.NacosServiceRegistry] NacosServiceRegistry.java:115 - De-registration finished.
2023-03-11 17:55:59,624 [background-preinit] INFO  [org.hibernate.validator.internal.util.Version] Version.java:21 - HV000001: Hibernate Validator 8.0.0.Final
2023-03-11 17:55:59,673 [main] INFO  [com.ix.gateway.GatewayApplication] StartupInfoLogger.java:51 - Starting GatewayApplication using Java 17.0.2 with PID 11532 (E:\JAVA\my_projects\IX_Cloud\ix-gateway\target\classes started by 1617595881@qq.com in E:\JAVA\my_projects\IX_Cloud)
2023-03-11 17:55:59,674 [main] INFO  [com.ix.gateway.GatewayApplication] SpringApplication.java:638 - The following 1 profile is active: "dev"
2023-03-11 17:55:59,719 [main] INFO  [c.a.cloud.nacos.configdata.NacosConfigDataLoader] DeferredLog.java:250 - [Nacos Config] Load config[dataId=ix-gateway-dev.yml, group=DEFAULT_GROUP] success
2023-03-11 17:55:59,719 [main] INFO  [c.a.cloud.nacos.configdata.NacosConfigDataLoader] DeferredLog.java:250 - [Nacos Config] Load config[dataId=ix-app-dev.yml, group=DEFAULT_GROUP] success
2023-03-11 17:56:00,869 [main] INFO  [o.springframework.cloud.context.scope.GenericScope] GenericScope.java:282 - BeanFactory id=31ac4d16-8f76-3c9e-b7be-18fdfc921734
2023-03-11 17:56:01,077 [main] INFO  [o.s.c.s.PostProcessorRegistrationDelegate$BeanPostProcessorChecker] PostProcessorRegistrationDelegate.java:409 - Bean 'org.springframework.cloud.client.loadbalancer.reactive.LoadBalancerBeanPostProcessorAutoConfiguration' of type [org.springframework.cloud.client.loadbalancer.reactive.LoadBalancerBeanPostProcessorAutoConfiguration] is not eligible for getting processed by all BeanPostProcessors (for example: not eligible for auto-proxying)
2023-03-11 17:56:01,078 [main] INFO  [o.s.c.s.PostProcessorRegistrationDelegate$BeanPostProcessorChecker] PostProcessorRegistrationDelegate.java:409 - Bean 'org.springframework.cloud.client.loadbalancer.reactive.LoadBalancerBeanPostProcessorAutoConfiguration$ReactorDeferringLoadBalancerFilterConfig' of type [org.springframework.cloud.client.loadbalancer.reactive.LoadBalancerBeanPostProcessorAutoConfiguration$ReactorDeferringLoadBalancerFilterConfig] is not eligible for getting processed by all BeanPostProcessors (for example: not eligible for auto-proxying)
2023-03-11 17:56:01,080 [main] INFO  [o.s.c.s.PostProcessorRegistrationDelegate$BeanPostProcessorChecker] PostProcessorRegistrationDelegate.java:409 - Bean 'reactorDeferringLoadBalancerExchangeFilterFunction' of type [org.springframework.cloud.client.loadbalancer.reactive.DeferringLoadBalancerExchangeFilterFunction] is not eligible for getting processed by all BeanPostProcessors (for example: not eligible for auto-proxying)
2023-03-11 17:56:01,872 [main] INFO  [o.s.c.g.config.LocalResponseCacheAutoConfiguration] LocalResponseCacheAutoConfiguration.java:86 - Initializing Caffeine
2023-03-11 17:56:03,420 [main] INFO  [org.springframework.cloud.commons.util.InetUtils] InetUtils.java:170 - Cannot determine local hostname
2023-03-11 17:56:04,622 [main] INFO  [org.springframework.cloud.commons.util.InetUtils] InetUtils.java:170 - Cannot determine local hostname
2023-03-11 17:56:04,692 [main] INFO  [o.s.c.gateway.route.RouteDefinitionRouteLocator] RouteDefinitionRouteLocator.java:89 - Loaded RoutePredicateFactory [After]
2023-03-11 17:56:04,692 [main] INFO  [o.s.c.gateway.route.RouteDefinitionRouteLocator] RouteDefinitionRouteLocator.java:89 - Loaded RoutePredicateFactory [Before]
2023-03-11 17:56:04,693 [main] INFO  [o.s.c.gateway.route.RouteDefinitionRouteLocator] RouteDefinitionRouteLocator.java:89 - Loaded RoutePredicateFactory [Between]
2023-03-11 17:56:04,693 [main] INFO  [o.s.c.gateway.route.RouteDefinitionRouteLocator] RouteDefinitionRouteLocator.java:89 - Loaded RoutePredicateFactory [Cookie]
2023-03-11 17:56:04,693 [main] INFO  [o.s.c.gateway.route.RouteDefinitionRouteLocator] RouteDefinitionRouteLocator.java:89 - Loaded RoutePredicateFactory [Header]
2023-03-11 17:56:04,693 [main] INFO  [o.s.c.gateway.route.RouteDefinitionRouteLocator] RouteDefinitionRouteLocator.java:89 - Loaded RoutePredicateFactory [Host]
2023-03-11 17:56:04,693 [main] INFO  [o.s.c.gateway.route.RouteDefinitionRouteLocator] RouteDefinitionRouteLocator.java:89 - Loaded RoutePredicateFactory [Method]
2023-03-11 17:56:04,693 [main] INFO  [o.s.c.gateway.route.RouteDefinitionRouteLocator] RouteDefinitionRouteLocator.java:89 - Loaded RoutePredicateFactory [Path]
2023-03-11 17:56:04,693 [main] INFO  [o.s.c.gateway.route.RouteDefinitionRouteLocator] RouteDefinitionRouteLocator.java:89 - Loaded RoutePredicateFactory [Query]
2023-03-11 17:56:04,694 [main] INFO  [o.s.c.gateway.route.RouteDefinitionRouteLocator] RouteDefinitionRouteLocator.java:89 - Loaded RoutePredicateFactory [ReadBody]
2023-03-11 17:56:04,694 [main] INFO  [o.s.c.gateway.route.RouteDefinitionRouteLocator] RouteDefinitionRouteLocator.java:89 - Loaded RoutePredicateFactory [RemoteAddr]
2023-03-11 17:56:04,694 [main] INFO  [o.s.c.gateway.route.RouteDefinitionRouteLocator] RouteDefinitionRouteLocator.java:89 - Loaded RoutePredicateFactory [XForwardedRemoteAddr]
2023-03-11 17:56:04,694 [main] INFO  [o.s.c.gateway.route.RouteDefinitionRouteLocator] RouteDefinitionRouteLocator.java:89 - Loaded RoutePredicateFactory [Weight]
2023-03-11 17:56:04,694 [main] INFO  [o.s.c.gateway.route.RouteDefinitionRouteLocator] RouteDefinitionRouteLocator.java:89 - Loaded RoutePredicateFactory [CloudFoundryRouteService]
2023-03-11 17:56:05,904 [main] INFO  [org.springframework.cloud.commons.util.InetUtils] InetUtils.java:170 - Cannot determine local hostname
2023-03-11 17:56:06,042 [main] INFO  [c.a.c.s.gateway.scg.SentinelSCGAutoConfiguration] SentinelSCGAutoConfiguration.java:143 - [Sentinel SpringCloudGateway] register SentinelGatewayFilter with order: -2147483648
2023-03-11 17:56:06,408 [main] INFO  [o.s.b.actuate.endpoint.web.EndpointLinksResolver] EndpointLinksResolver.java:58 - Exposing 19 endpoint(s) beneath base path '/actuator'
2023-03-11 17:56:06,572 [main] INFO  [c.a.c.s.gateway.scg.SentinelSCGAutoConfiguration] SentinelSCGAutoConfiguration.java:133 - [Sentinel SpringCloudGateway] register SentinelGatewayBlockExceptionHandler
2023-03-11 17:56:07,459 [main] INFO  [o.s.boot.web.embedded.netty.NettyWebServer] NettyWebServer.java:111 - Netty started on port 8080
2023-03-11 17:56:08,604 [main] INFO  [org.springframework.cloud.commons.util.InetUtils] InetUtils.java:170 - Cannot determine local hostname
2023-03-11 17:56:09,886 [main] INFO  [org.springframework.cloud.commons.util.InetUtils] InetUtils.java:170 - Cannot determine local hostname
2023-03-11 17:56:10,137 [main] INFO  [c.a.cloud.nacos.registry.NacosServiceRegistry] NacosServiceRegistry.java:76 - nacos registry, DEFAULT_GROUP ix-gateway 169.254.250.17:8080 register finished
2023-03-11 17:56:10,313 [main] INFO  [c.a.c.n.discovery.GatewayLocatorHeartBeatPublisher] GatewayLocatorHeartBeatPublisher.java:64 - Start nacos gateway locator heartBeat task scheduler.
2023-03-11 17:56:10,345 [main] INFO  [com.ix.gateway.GatewayApplication] StartupInfoLogger.java:57 - Started GatewayApplication in 14.142 seconds (process running for 15.287)
2023-03-11 17:56:10,354 [main] INFO  [c.a.cloud.nacos.refresh.NacosContextRefresher] NacosContextRefresher.java:129 - [Nacos Config] Listening config: dataId=ix-gateway-dev.yml, group=DEFAULT_GROUP
2023-03-11 17:56:10,361 [main] INFO  [c.a.cloud.nacos.refresh.NacosContextRefresher] NacosContextRefresher.java:129 - [Nacos Config] Listening config: dataId=ix-app-dev.yml, group=DEFAULT_GROUP
2023-03-11 17:57:00,847 [SpringApplicationShutdownHook] INFO  [c.a.cloud.nacos.registry.NacosServiceRegistry] NacosServiceRegistry.java:95 - De-registering from Nacos Server now...
2023-03-11 17:57:00,874 [SpringApplicationShutdownHook] INFO  [c.a.cloud.nacos.registry.NacosServiceRegistry] NacosServiceRegistry.java:115 - De-registration finished.
2023-03-11 18:09:13,025 [background-preinit] INFO  [org.hibernate.validator.internal.util.Version] Version.java:21 - HV000001: Hibernate Validator 8.0.0.Final
2023-03-11 18:09:13,067 [main] INFO  [com.ix.gateway.GatewayApplication] StartupInfoLogger.java:51 - Starting GatewayApplication using Java 17.0.2 with PID 9860 (E:\JAVA\my_projects\IX_Cloud\ix-gateway\target\classes started by 1617595881@qq.com in E:\JAVA\my_projects\IX_Cloud)
2023-03-11 18:09:13,068 [main] INFO  [com.ix.gateway.GatewayApplication] SpringApplication.java:638 - The following 1 profile is active: "dev"
2023-03-11 18:09:13,109 [main] INFO  [c.a.cloud.nacos.configdata.NacosConfigDataLoader] DeferredLog.java:250 - [Nacos Config] Load config[dataId=ix-gateway-dev.yml, group=DEFAULT_GROUP] success
2023-03-11 18:09:13,110 [main] INFO  [c.a.cloud.nacos.configdata.NacosConfigDataLoader] DeferredLog.java:250 - [Nacos Config] Load config[dataId=ix-app-dev.yml, group=DEFAULT_GROUP] success
2023-03-11 18:09:14,147 [main] INFO  [o.springframework.cloud.context.scope.GenericScope] GenericScope.java:282 - BeanFactory id=31ac4d16-8f76-3c9e-b7be-18fdfc921734
2023-03-11 18:09:14,355 [main] INFO  [o.s.c.s.PostProcessorRegistrationDelegate$BeanPostProcessorChecker] PostProcessorRegistrationDelegate.java:409 - Bean 'org.springframework.cloud.client.loadbalancer.reactive.LoadBalancerBeanPostProcessorAutoConfiguration' of type [org.springframework.cloud.client.loadbalancer.reactive.LoadBalancerBeanPostProcessorAutoConfiguration] is not eligible for getting processed by all BeanPostProcessors (for example: not eligible for auto-proxying)
2023-03-11 18:09:14,357 [main] INFO  [o.s.c.s.PostProcessorRegistrationDelegate$BeanPostProcessorChecker] PostProcessorRegistrationDelegate.java:409 - Bean 'org.springframework.cloud.client.loadbalancer.reactive.LoadBalancerBeanPostProcessorAutoConfiguration$ReactorDeferringLoadBalancerFilterConfig' of type [org.springframework.cloud.client.loadbalancer.reactive.LoadBalancerBeanPostProcessorAutoConfiguration$ReactorDeferringLoadBalancerFilterConfig] is not eligible for getting processed by all BeanPostProcessors (for example: not eligible for auto-proxying)
2023-03-11 18:09:14,358 [main] INFO  [o.s.c.s.PostProcessorRegistrationDelegate$BeanPostProcessorChecker] PostProcessorRegistrationDelegate.java:409 - Bean 'reactorDeferringLoadBalancerExchangeFilterFunction' of type [org.springframework.cloud.client.loadbalancer.reactive.DeferringLoadBalancerExchangeFilterFunction] is not eligible for getting processed by all BeanPostProcessors (for example: not eligible for auto-proxying)
2023-03-11 18:09:14,882 [main] INFO  [o.s.c.g.config.LocalResponseCacheAutoConfiguration] LocalResponseCacheAutoConfiguration.java:86 - Initializing Caffeine
2023-03-11 18:09:16,091 [main] INFO  [org.springframework.cloud.commons.util.InetUtils] InetUtils.java:170 - Cannot determine local hostname
2023-03-11 18:09:17,262 [main] INFO  [org.springframework.cloud.commons.util.InetUtils] InetUtils.java:170 - Cannot determine local hostname
2023-03-11 18:09:17,362 [main] INFO  [o.s.c.gateway.route.RouteDefinitionRouteLocator] RouteDefinitionRouteLocator.java:89 - Loaded RoutePredicateFactory [After]
2023-03-11 18:09:17,362 [main] INFO  [o.s.c.gateway.route.RouteDefinitionRouteLocator] RouteDefinitionRouteLocator.java:89 - Loaded RoutePredicateFactory [Before]
2023-03-11 18:09:17,362 [main] INFO  [o.s.c.gateway.route.RouteDefinitionRouteLocator] RouteDefinitionRouteLocator.java:89 - Loaded RoutePredicateFactory [Between]
2023-03-11 18:09:17,363 [main] INFO  [o.s.c.gateway.route.RouteDefinitionRouteLocator] RouteDefinitionRouteLocator.java:89 - Loaded RoutePredicateFactory [Cookie]
2023-03-11 18:09:17,363 [main] INFO  [o.s.c.gateway.route.RouteDefinitionRouteLocator] RouteDefinitionRouteLocator.java:89 - Loaded RoutePredicateFactory [Header]
2023-03-11 18:09:17,363 [main] INFO  [o.s.c.gateway.route.RouteDefinitionRouteLocator] RouteDefinitionRouteLocator.java:89 - Loaded RoutePredicateFactory [Host]
2023-03-11 18:09:17,363 [main] INFO  [o.s.c.gateway.route.RouteDefinitionRouteLocator] RouteDefinitionRouteLocator.java:89 - Loaded RoutePredicateFactory [Method]
2023-03-11 18:09:17,364 [main] INFO  [o.s.c.gateway.route.RouteDefinitionRouteLocator] RouteDefinitionRouteLocator.java:89 - Loaded RoutePredicateFactory [Path]
2023-03-11 18:09:17,364 [main] INFO  [o.s.c.gateway.route.RouteDefinitionRouteLocator] RouteDefinitionRouteLocator.java:89 - Loaded RoutePredicateFactory [Query]
2023-03-11 18:09:17,364 [main] INFO  [o.s.c.gateway.route.RouteDefinitionRouteLocator] RouteDefinitionRouteLocator.java:89 - Loaded RoutePredicateFactory [ReadBody]
2023-03-11 18:09:17,364 [main] INFO  [o.s.c.gateway.route.RouteDefinitionRouteLocator] RouteDefinitionRouteLocator.java:89 - Loaded RoutePredicateFactory [RemoteAddr]
2023-03-11 18:09:17,364 [main] INFO  [o.s.c.gateway.route.RouteDefinitionRouteLocator] RouteDefinitionRouteLocator.java:89 - Loaded RoutePredicateFactory [XForwardedRemoteAddr]
2023-03-11 18:09:17,364 [main] INFO  [o.s.c.gateway.route.RouteDefinitionRouteLocator] RouteDefinitionRouteLocator.java:89 - Loaded RoutePredicateFactory [Weight]
2023-03-11 18:09:17,364 [main] INFO  [o.s.c.gateway.route.RouteDefinitionRouteLocator] RouteDefinitionRouteLocator.java:89 - Loaded RoutePredicateFactory [CloudFoundryRouteService]
2023-03-11 18:09:18,563 [main] INFO  [org.springframework.cloud.commons.util.InetUtils] InetUtils.java:170 - Cannot determine local hostname
2023-03-11 18:09:18,733 [main] INFO  [c.a.c.s.gateway.scg.SentinelSCGAutoConfiguration] SentinelSCGAutoConfiguration.java:143 - [Sentinel SpringCloudGateway] register SentinelGatewayFilter with order: -2147483648
2023-03-11 18:09:19,045 [main] INFO  [o.s.b.actuate.endpoint.web.EndpointLinksResolver] EndpointLinksResolver.java:58 - Exposing 19 endpoint(s) beneath base path '/actuator'
2023-03-11 18:09:19,143 [main] INFO  [c.a.c.s.gateway.scg.SentinelSCGAutoConfiguration] SentinelSCGAutoConfiguration.java:133 - [Sentinel SpringCloudGateway] register SentinelGatewayBlockExceptionHandler
2023-03-11 18:09:19,929 [main] INFO  [o.s.boot.web.embedded.netty.NettyWebServer] NettyWebServer.java:111 - Netty started on port 8080
2023-03-11 18:09:21,077 [main] INFO  [org.springframework.cloud.commons.util.InetUtils] InetUtils.java:170 - Cannot determine local hostname
2023-03-11 18:09:22,264 [main] INFO  [org.springframework.cloud.commons.util.InetUtils] InetUtils.java:170 - Cannot determine local hostname
2023-03-11 18:09:22,558 [main] INFO  [c.a.cloud.nacos.registry.NacosServiceRegistry] NacosServiceRegistry.java:76 - nacos registry, DEFAULT_GROUP ix-gateway 169.254.250.17:8080 register finished
2023-03-11 18:09:22,808 [main] INFO  [c.a.c.n.discovery.GatewayLocatorHeartBeatPublisher] GatewayLocatorHeartBeatPublisher.java:64 - Start nacos gateway locator heartBeat task scheduler.
2023-03-11 18:09:22,840 [main] INFO  [com.ix.gateway.GatewayApplication] StartupInfoLogger.java:57 - Started GatewayApplication in 13.044 seconds (process running for 13.885)
2023-03-11 18:09:22,848 [main] INFO  [c.a.cloud.nacos.refresh.NacosContextRefresher] NacosContextRefresher.java:129 - [Nacos Config] Listening config: dataId=ix-gateway-dev.yml, group=DEFAULT_GROUP
2023-03-11 18:09:22,850 [main] INFO  [c.a.cloud.nacos.refresh.NacosContextRefresher] NacosContextRefresher.java:129 - [Nacos Config] Listening config: dataId=ix-app-dev.yml, group=DEFAULT_GROUP
2023-03-11 18:09:36,266 [SpringApplicationShutdownHook] INFO  [c.a.cloud.nacos.registry.NacosServiceRegistry] NacosServiceRegistry.java:95 - De-registering from Nacos Server now...
2023-03-11 18:09:36,295 [SpringApplicationShutdownHook] INFO  [c.a.cloud.nacos.registry.NacosServiceRegistry] NacosServiceRegistry.java:115 - De-registration finished.
